ATTENTION: default value of option force_s3tc_enable overridden by environment.
Nouvelle fenêtre ouverte dans la session du navigateur
ATTENTION: default value of option force_s3tc_enable overridden by environment.
[9503:9503:0705/151856.439514:ERROR:in_progress_cache_impl.cc(188)] Cache is not initialized, cannot RetrieveEntry.
[9503:9503:0705/151856.439551:ERROR:in_progress_cache_impl.cc(188)] Cache is not initialized, cannot RetrieveEntry.
[9503:9503:0705/151856.439566:ERROR:in_progress_cache_impl.cc(188)] Cache is not initialized, cannot RetrieveEntry.
[9503:9503:0705/151856.439588:ERROR:in_progress_cache_impl.cc(188)] Cache is not initialized, cannot RetrieveEntry.
[9503:9503:0705/151856.439603:ERROR:in_progress_cache_impl.cc(188)] Cache is not initialized, cannot RetrieveEntry.
[9503:9503:0705/151856.439618:ERROR:in_progress_cache_impl.cc(188)] Cache is not initialized, cannot RetrieveEntry.
[9503:9503:0705/151856.439636:ERROR:in_progress_cache_impl.cc(188)] Cache is not initialized, cannot RetrieveEntry.
[9503:9503:0705/151856.439657:ERROR:in_progress_cache_impl.cc(188)] Cache is not initialized, cannot RetrieveEntry.
[9503:9503:0705/151856.439672:ERROR:in_progress_cache_impl.cc(188)] Cache is not initialized, cannot RetrieveEntry.
[9503:9503:0705/151856.439685:ERROR:in_progress_cache_impl.cc(188)] Cache is not initialized, cannot RetrieveEntry.
[9503:9638:0705/151856.504392:ERROR:cert_verify_proc_nss.cc(980)] CERT_PKIXVerifyCert for 192.168.71.127 failed err=-8179
ATTENTION: default value of option force_s3tc_enable overridden by environment.
Nouvelle fenêtre ouverte dans la session du navigateur
ATTENTION: default value of option force_s3tc_enable overridden by environment.
Nouvelle fenêtre ouverte dans la session du navigateur
ATTENTION: default value of option force_s3tc_enable overridden by environment.
Nouvelle fenêtre ouverte dans la session du navigateur
[9503:9503:0705/152614.392697:ERROR:media_internals.cc(103)] Cannot get RenderProcessHost
ATTENTION: default value of option force_s3tc_enable overridden by environment.
[10627:10662:0705/152620.372434:ERROR:cert_verify_proc_nss.cc(980)] CERT_PKIXVerifyCert for 192.168.71.127 failed err=-8179
ATTENTION: default value of option force_s3tc_enable overridden by environment.
Nouvelle fenêtre ouverte dans la session du navigateur
ATTENTION: default value of option force_s3tc_enable overridden by environment.
Nouvelle fenêtre ouverte dans la session du navigateur
ATTENTION: default value of option force_s3tc_enable overridden by environment.
Nouvelle fenêtre ouverte dans la session du navigateur
ATTENTION: default value of option force_s3tc_enable overridden by environment.
[11682:11716:0705/153503.739258:ERROR:cert_verify_proc_nss.cc(980)] CERT_PKIXVerifyCert for 192.168.71.127 failed err=-8179
ATTENTION: default value of option force_s3tc_enable overridden by environment.
Nouvelle fenêtre ouverte dans la session du navigateur
ATTENTION: default value of option force_s3tc_enable overridden by environment.
Nouvelle fenêtre ouverte dans la session du navigateur
ATTENTION: default value of option force_s3tc_enable overridden by environment.
[12463:12463:0705/154155.160886:ERROR:in_progress_cache_impl.cc(188)] Cache is not initialized, cannot RetrieveEntry.
[12463:12463:0705/154155.161603:ERROR:in_progress_cache_impl.cc(188)] Cache is not initialized, cannot RetrieveEntry.
[12463:12463:0705/154155.161941:ERROR:in_progress_cache_impl.cc(188)] Cache is not initialized, cannot RetrieveEntry.
[12463:12463:0705/154155.162111:ERROR:in_progress_cache_impl.cc(188)] Cache is not initialized, cannot RetrieveEntry.
[12463:12463:0705/154155.162238:ERROR:in_progress_cache_impl.cc(188)] Cache is not initialized, cannot RetrieveEntry.
[12463:12463:0705/154155.162326:ERROR:in_progress_cache_impl.cc(188)] Cache is not initialized, cannot RetrieveEntry.
[12463:12463:0705/154155.162408:ERROR:in_progress_cache_impl.cc(188)] Cache is not initialized, cannot RetrieveEntry.
[12463:12463:0705/154155.162497:ERROR:in_progress_cache_impl.cc(188)] Cache is not initialized, cannot RetrieveEntry.
[12463:12463:0705/154155.162639:ERROR:in_progress_cache_impl.cc(188)] Cache is not initialized, cannot RetrieveEntry.
[12463:12463:0705/154155.162780:ERROR:in_progress_cache_impl.cc(188)] Cache is not initialized, cannot RetrieveEntry.
[12463:12498:0705/154155.186326:ERROR:cert_verify_proc_nss.cc(980)] CERT_PKIXVerifyCert for 192.168.71.127 failed err=-8179
ATTENTION: default value of option force_s3tc_enable overridden by environment.
Nouvelle fenêtre ouverte dans la session du navigateur
ATTENTION: default value of option force_s3tc_enable overridden by environment.
Nouvelle fenêtre ouverte dans la session du navigateur
ATTENTION: default value of option force_s3tc_enable overridden by environment.
[13504:13504:0705/160120.597972:ERROR:in_progress_cache_impl.cc(188)] Cache is not initialized, cannot RetrieveEntry.
[13504:13504:0705/160120.598054:ERROR:in_progress_cache_impl.cc(188)] Cache is not initialized, cannot RetrieveEntry.
[13504:13504:0705/160120.598087:ERROR:in_progress_cache_impl.cc(188)] Cache is not initialized, cannot RetrieveEntry.
[13504:13504:0705/160120.598107:ERROR:in_progress_cache_impl.cc(188)] Cache is not initialized, cannot RetrieveEntry.
[13504:13504:0705/160120.598132:ERROR:in_progress_cache_impl.cc(188)] Cache is not initialized, cannot RetrieveEntry.
[13504:13504:0705/160120.598153:ERROR:in_progress_cache_impl.cc(188)] Cache is not initialized, cannot RetrieveEntry.
[13504:13504:0705/160120.598171:ERROR:in_progress_cache_impl.cc(188)] Cache is not initialized, cannot RetrieveEntry.
[13504:13504:0705/160120.598210:ERROR:in_progress_cache_impl.cc(188)] Cache is not initialized, cannot RetrieveEntry.
[13504:13504:0705/160120.598234:ERROR:in_progress_cache_impl.cc(188)] Cache is not initialized, cannot RetrieveEntry.
[13504:13504:0705/160120.598258:ERROR:in_progress_cache_impl.cc(188)] Cache is not initialized, cannot RetrieveEntry.
[13504:13538:0705/160120.613201:ERROR:cert_verify_proc_nss.cc(980)] CERT_PKIXVerifyCert for 192.168.71.127 failed err=-8179
ATTENTION: default value of option force_s3tc_enable overridden by environment.
Nouvelle fenêtre ouverte dans la session du navigateur
ATTENTION: default value of option force_s3tc_enable overridden by environment.
Nouvelle fenêtre ouverte dans la session du navigateur
ATTENTION: default value of option force_s3tc_enable overridden by environment.
[14525:14562:0705/161632.319375:ERROR:cert_verify_proc_nss.cc(980)] CERT_PKIXVerifyCert for 192.168.71.127 failed err=-8179
ATTENTION: default value of option force_s3tc_enable overridden by environment.
Nouvelle fenêtre ouverte dans la session du navigateur
ATTENTION: default value of option force_s3tc_enable overridden by environment.
Nouvelle fenêtre ouverte dans la session du navigateur
ATTENTION: default value of option force_s3tc_enable overridden by environment.
Nouvelle fenêtre ouverte dans la session du navigateur
ATTENTION: default value of option force_s3tc_enable overridden by environment.
Nouvelle fenêtre ouverte dans la session du navigateur
ATTENTION: default value of option force_s3tc_enable overridden by environment.
Nouvelle fenêtre ouverte dans la session du navigateur
ATTENTION: default value of option force_s3tc_enable overridden by environment.
Nouvelle fenêtre ouverte dans la session du navigateur
ATTENTION: default value of option force_s3tc_enable overridden by environment.
Nouvelle fenêtre ouverte dans la session du navigateur
ATTENTION: default value of option force_s3tc_enable overridden by environment.
[16352:16388:0705/163357.829405:ERROR:cert_verify_proc_nss.cc(980)] CERT_PKIXVerifyCert for 192.168.71.127 failed err=-8179
ATTENTION: default value of option force_s3tc_enable overridden by environment.
Nouvelle fenêtre ouverte dans la session du navigateur
ATTENTION: default value of option force_s3tc_enable overridden by environment.
[17117:17117:0705/165913.753545:ERROR:in_progress_cache_impl.cc(188)] Cache is not initialized, cannot RetrieveEntry.
[17117:17117:0705/165913.753583:ERROR:in_progress_cache_impl.cc(188)] Cache is not initialized, cannot RetrieveEntry.
[17117:17117:0705/165913.753599:ERROR:in_progress_cache_impl.cc(188)] Cache is not initialized, cannot RetrieveEntry.
[17117:17117:0705/165913.753616:ERROR:in_progress_cache_impl.cc(188)] Cache is not initialized, cannot RetrieveEntry.
[17117:17117:0705/165913.753635:ERROR:in_progress_cache_impl.cc(188)] Cache is not initialized, cannot RetrieveEntry.
[17117:17117:0705/165913.753650:ERROR:in_progress_cache_impl.cc(188)] Cache is not initialized, cannot RetrieveEntry.
[17117:17117:0705/165913.753668:ERROR:in_progress_cache_impl.cc(188)] Cache is not initialized, cannot RetrieveEntry.
[17117:17117:0705/165913.753688:ERROR:in_progress_cache_impl.cc(188)] Cache is not initialized, cannot RetrieveEntry.
[17117:17117:0705/165913.753704:ERROR:in_progress_cache_impl.cc(188)] Cache is not initialized, cannot RetrieveEntry.
[17117:17117:0705/165913.753722:ERROR:in_progress_cache_impl.cc(188)] Cache is not initialized, cannot RetrieveEntry.
[17117:17151:0705/165913.758667:ERROR:cert_verify_proc_nss.cc(980)] CERT_PKIXVerifyCert for 192.168.71.127 failed err=-8179
ATTENTION: default value of option force_s3tc_enable overridden by environment.
[17549:17584:0705/170737.338924:ERROR:cert_verify_proc_nss.cc(980)] CERT_PKIXVerifyCert for 192.168.71.127 failed err=-8179
ATTENTION: default value of option force_s3tc_enable overridden by environment.
[19288:19325:0706/094304.498757:ERROR:cert_verify_proc_nss.cc(980)] CERT_PKIXVerifyCert for 192.168.71.127 failed err=-8179
ATTENTION: default value of option force_s3tc_enable overridden by environment.
[19674:19674:0706/095038.080953:ERROR:in_progress_cache_impl.cc(188)] Cache is not initialized, cannot RetrieveEntry.
[19674:19674:0706/095038.081136:ERROR:in_progress_cache_impl.cc(188)] Cache is not initialized, cannot RetrieveEntry.
[19674:19674:0706/095038.081203:ERROR:in_progress_cache_impl.cc(188)] Cache is not initialized, cannot RetrieveEntry.
[19674:19674:0706/095038.081249:ERROR:in_progress_cache_impl.cc(188)] Cache is not initialized, cannot RetrieveEntry.
[19674:19674:0706/095038.081293:ERROR:in_progress_cache_impl.cc(188)] Cache is not initialized, cannot RetrieveEntry.
[19674:19674:0706/095038.081335:ERROR:in_progress_cache_impl.cc(188)] Cache is not initialized, cannot RetrieveEntry.
[19674:19674:0706/095038.081388:ERROR:in_progress_cache_impl.cc(188)] Cache is not initialized, cannot RetrieveEntry.
[19674:19674:0706/095038.081434:ERROR:in_progress_cache_impl.cc(188)] Cache is not initialized, cannot RetrieveEntry.
[19674:19674:0706/095038.081479:ERROR:in_progress_cache_impl.cc(188)] Cache is not initialized, cannot RetrieveEntry.
[19674:19674:0706/095038.081520:ERROR:in_progress_cache_impl.cc(188)] Cache is not initialized, cannot RetrieveEntry.
[19674:19710:0706/095038.115952:ERROR:cert_verify_proc_nss.cc(980)] CERT_PKIXVerifyCert for 192.168.71.127 failed err=-8179
ATTENTION: default value of option force_s3tc_enable overridden by environment.
[20093:20128:0706/100302.141032:ERROR:cert_verify_proc_nss.cc(980)] CERT_PKIXVerifyCert for 192.168.71.127 failed err=-8179
ATTENTION: default value of option force_s3tc_enable overridden by environment.
[20484:20518:0706/100847.758222:ERROR:cert_verify_proc_nss.cc(980)] CERT_PKIXVerifyCert for 192.168.71.127 failed err=-8179
ATTENTION: default value of option force_s3tc_enable overridden by environment.
[20964:20964:0706/101802.279079:ERROR:in_progress_cache_impl.cc(188)] Cache is not initialized, cannot RetrieveEntry.
[20964:20964:0706/101802.282004:ERROR:in_progress_cache_impl.cc(188)] Cache is not initialized, cannot RetrieveEntry.
[20964:20964:0706/101802.282037:ERROR:in_progress_cache_impl.cc(188)] Cache is not initialized, cannot RetrieveEntry.
[20964:20964:0706/101802.282053:ERROR:in_progress_cache_impl.cc(188)] Cache is not initialized, cannot RetrieveEntry.
[20964:20964:0706/101802.282069:ERROR:in_progress_cache_impl.cc(188)] Cache is not initialized, cannot RetrieveEntry.
[20964:20964:0706/101802.282084:ERROR:in_progress_cache_impl.cc(188)] Cache is not initialized, cannot RetrieveEntry.
[20964:20964:0706/101802.282098:ERROR:in_progress_cache_impl.cc(188)] Cache is not initialized, cannot RetrieveEntry.
[20964:20964:0706/101802.282122:ERROR:in_progress_cache_impl.cc(188)] Cache is not initialized, cannot RetrieveEntry.
[20964:20964:0706/101802.282141:ERROR:in_progress_cache_impl.cc(188)] Cache is not initialized, cannot RetrieveEntry.
[20964:20964:0706/101802.282154:ERROR:in_progress_cache_impl.cc(188)] Cache is not initialized, cannot RetrieveEntry.
[20964:21000:0706/101802.315380:ERROR:cert_verify_proc_nss.cc(980)] CERT_PKIXVerifyCert for 192.168.71.127 failed err=-8179
ATTENTION: default value of option force_s3tc_enable overridden by environment.
Nouvelle fenêtre ouverte dans la session du navigateur
ATTENTION: default value of option force_s3tc_enable overridden by environment.
[21521:21557:0706/101859.968251:ERROR:cert_verify_proc_nss.cc(980)] CERT_PKIXVerifyCert for 192.168.71.127 failed err=-8179
[24184:24184:0706/110626.700881:ERROR:in_progress_cache_impl.cc(188)] Cache is not initialized, cannot RetrieveEntry.
[24184:24184:0706/110626.700916:ERROR:in_progress_cache_impl.cc(188)] Cache is not initialized, cannot RetrieveEntry.
[24184:24184:0706/110626.700933:ERROR:in_progress_cache_impl.cc(188)] Cache is not initialized, cannot RetrieveEntry.
[24184:24184:0706/110626.700953:ERROR:in_progress_cache_impl.cc(188)] Cache is not initialized, cannot RetrieveEntry.
[24184:24184:0706/110626.700969:ERROR:in_progress_cache_impl.cc(188)] Cache is not initialized, cannot RetrieveEntry.
[24184:24184:0706/110626.700984:ERROR:in_progress_cache_impl.cc(188)] Cache is not initialized, cannot RetrieveEntry.
[24184:24184:0706/110626.700999:ERROR:in_progress_cache_impl.cc(188)] Cache is not initialized, cannot RetrieveEntry.
[24184:24184:0706/110626.701018:ERROR:in_progress_cache_impl.cc(188)] Cache is not initialized, cannot RetrieveEntry.
[24184:24184:0706/110626.701034:ERROR:in_progress_cache_impl.cc(188)] Cache is not initialized, cannot RetrieveEntry.
[24184:24184:0706/110626.701048:ERROR:in_progress_cache_impl.cc(188)] Cache is not initialized, cannot RetrieveEntry.
[24184:24218:0706/110626.747148:ERROR:cert_verify_proc_nss.cc(980)] CERT_PKIXVerifyCert for 192.168.71.127 failed err=-8179
[24555:24555:0706/110831.015785:ERROR:in_progress_cache_impl.cc(188)] Cache is not initialized, cannot RetrieveEntry.
[24555:24555:0706/110831.015825:ERROR:in_progress_cache_impl.cc(188)] Cache is not initialized, cannot RetrieveEntry.
[24555:24555:0706/110831.015841:ERROR:in_progress_cache_impl.cc(188)] Cache is not initialized, cannot RetrieveEntry.
[24555:24555:0706/110831.015869:ERROR:in_progress_cache_impl.cc(188)] Cache is not initialized, cannot RetrieveEntry.
[24555:24555:0706/110831.015885:ERROR:in_progress_cache_impl.cc(188)] Cache is not initialized, cannot RetrieveEntry.
[24555:24555:0706/110831.015898:ERROR:in_progress_cache_impl.cc(188)] Cache is not initialized, cannot RetrieveEntry.
[24555:24555:0706/110831.015913:ERROR:in_progress_cache_impl.cc(188)] Cache is not initialized, cannot RetrieveEntry.
[24555:24555:0706/110831.015928:ERROR:in_progress_cache_impl.cc(188)] Cache is not initialized, cannot RetrieveEntry.
[24555:24555:0706/110831.015948:ERROR:in_progress_cache_impl.cc(188)] Cache is not initialized, cannot RetrieveEntry.
[24555:24555:0706/110831.015961:ERROR:in_progress_cache_impl.cc(188)] Cache is not initialized, cannot RetrieveEntry.
[24555:24592:0706/110831.101304:ERROR:cert_verify_proc_nss.cc(980)] CERT_PKIXVerifyCert for 192.168.71.127 failed err=-8179
Nouvelle fenêtre ouverte dans la session du navigateur
Nouvelle fenêtre ouverte dans la session du navigateur
Nouvelle fenêtre ouverte dans la session du navigateur
[3617:3617:0706/133828.747034:ERROR:in_progress_cache_impl.cc(188)] Cache is not initialized, cannot RetrieveEntry.
[3617:3617:0706/133828.747067:ERROR:in_progress_cache_impl.cc(188)] Cache is not initialized, cannot RetrieveEntry.
[3617:3617:0706/133828.747088:ERROR:in_progress_cache_impl.cc(188)] Cache is not initialized, cannot RetrieveEntry.
[3617:3617:0706/133828.747104:ERROR:in_progress_cache_impl.cc(188)] Cache is not initialized, cannot RetrieveEntry.
[3617:3617:0706/133828.747119:ERROR:in_progress_cache_impl.cc(188)] Cache is not initialized, cannot RetrieveEntry.
[3617:3617:0706/133828.747134:ERROR:in_progress_cache_impl.cc(188)] Cache is not initialized, cannot RetrieveEntry.
[3617:3617:0706/133828.747147:ERROR:in_progress_cache_impl.cc(188)] Cache is not initialized, cannot RetrieveEntry.
[3617:3617:0706/133828.747166:ERROR:in_progress_cache_impl.cc(188)] Cache is not initialized, cannot RetrieveEntry.
[3617:3617:0706/133828.747180:ERROR:in_progress_cache_impl.cc(188)] Cache is not initialized, cannot RetrieveEntry.
[3617:3617:0706/133828.747200:ERROR:in_progress_cache_impl.cc(188)] Cache is not initialized, cannot RetrieveEntry.
[3617:3655:0706/133828.756893:ERROR:cert_verify_proc_nss.cc(980)] CERT_PKIXVerifyCert for 192.168.71.127 failed err=-8179
[4013:4050:0706/133859.420139:ERROR:cert_verify_proc_nss.cc(980)] CERT_PKIXVerifyCert for 192.168.71.127 failed err=-8179
Nouvelle fenêtre ouverte dans la session du navigateur
[4606:4643:0706/134147.728079:ERROR:cert_verify_proc_nss.cc(980)] CERT_PKIXVerifyCert for 192.168.71.127 failed err=-8179
[5003:5003:0706/134305.231892:ERROR:in_progress_cache_impl.cc(188)] Cache is not initialized, cannot RetrieveEntry.
[5003:5003:0706/134305.231929:ERROR:in_progress_cache_impl.cc(188)] Cache is not initialized, cannot RetrieveEntry.
[5003:5003:0706/134305.231946:ERROR:in_progress_cache_impl.cc(188)] Cache is not initialized, cannot RetrieveEntry.
[5003:5003:0706/134305.231969:ERROR:in_progress_cache_impl.cc(188)] Cache is not initialized, cannot RetrieveEntry.
[5003:5003:0706/134305.231992:ERROR:in_progress_cache_impl.cc(188)] Cache is not initialized, cannot RetrieveEntry.
[5003:5003:0706/134305.232008:ERROR:in_progress_cache_impl.cc(188)] Cache is not initialized, cannot RetrieveEntry.
[5003:5003:0706/134305.232023:ERROR:in_progress_cache_impl.cc(188)] Cache is not initialized, cannot RetrieveEntry.
[5003:5003:0706/134305.232050:ERROR:in_progress_cache_impl.cc(188)] Cache is not initialized, cannot RetrieveEntry.
[5003:5003:0706/134305.232067:ERROR:in_progress_cache_impl.cc(188)] Cache is not initialized, cannot RetrieveEntry.
[5003:5003:0706/134305.232082:ERROR:in_progress_cache_impl.cc(188)] Cache is not initialized, cannot RetrieveEntry.
[5003:5038:0706/134305.289740:ERROR:cert_verify_proc_nss.cc(980)] CERT_PKIXVerifyCert for 192.168.71.127 failed err=-8179
[5368:5368:0706/134329.094120:ERROR:in_progress_cache_impl.cc(188)] Cache is not initialized, cannot RetrieveEntry.
[5368:5368:0706/134329.094157:ERROR:in_progress_cache_impl.cc(188)] Cache is not initialized, cannot RetrieveEntry.
[5368:5368:0706/134329.094174:ERROR:in_progress_cache_impl.cc(188)] Cache is not initialized, cannot RetrieveEntry.
[5368:5368:0706/134329.094189:ERROR:in_progress_cache_impl.cc(188)] Cache is not initialized, cannot RetrieveEntry.
[5368:5368:0706/134329.094205:ERROR:in_progress_cache_impl.cc(188)] Cache is not initialized, cannot RetrieveEntry.
[5368:5368:0706/134329.094221:ERROR:in_progress_cache_impl.cc(188)] Cache is not initialized, cannot RetrieveEntry.
[5368:5368:0706/134329.094235:ERROR:in_progress_cache_impl.cc(188)] Cache is not initialized, cannot RetrieveEntry.
[5368:5368:0706/134329.094256:ERROR:in_progress_cache_impl.cc(188)] Cache is not initialized, cannot RetrieveEntry.
[5368:5368:0706/134329.094274:ERROR:in_progress_cache_impl.cc(188)] Cache is not initialized, cannot RetrieveEntry.
[5368:5368:0706/134329.094287:ERROR:in_progress_cache_impl.cc(188)] Cache is not initialized, cannot RetrieveEntry.
[5368:5405:0706/134329.131688:ERROR:cert_verify_proc_nss.cc(980)] CERT_PKIXVerifyCert for 192.168.71.127 failed err=-8179
[5733:5733:0706/134500.325673:ERROR:in_progress_cache_impl.cc(188)] Cache is not initialized, cannot RetrieveEntry.
[5733:5733:0706/134500.325711:ERROR:in_progress_cache_impl.cc(188)] Cache is not initialized, cannot RetrieveEntry.
[5733:5733:0706/134500.325726:ERROR:in_progress_cache_impl.cc(188)] Cache is not initialized, cannot RetrieveEntry.
[5733:5733:0706/134500.325741:ERROR:in_progress_cache_impl.cc(188)] Cache is not initialized, cannot RetrieveEntry.
[5733:5733:0706/134500.325756:ERROR:in_progress_cache_impl.cc(188)] Cache is not initialized, cannot RetrieveEntry.
[5733:5733:0706/134500.325772:ERROR:in_progress_cache_impl.cc(188)] Cache is not initialized, cannot RetrieveEntry.
[5733:5733:0706/134500.325788:ERROR:in_progress_cache_impl.cc(188)] Cache is not initialized, cannot RetrieveEntry.
[5733:5733:0706/134500.325811:ERROR:in_progress_cache_impl.cc(188)] Cache is not initialized, cannot RetrieveEntry.
[5733:5733:0706/134500.325832:ERROR:in_progress_cache_impl.cc(188)] Cache is not initialized, cannot RetrieveEntry.
[5733:5733:0706/134500.325849:ERROR:in_progress_cache_impl.cc(188)] Cache is not initialized, cannot RetrieveEntry.
[5733:5767:0706/134500.328239:ERROR:cert_verify_proc_nss.cc(980)] CERT_PKIXVerifyCert for 192.168.71.127 failed err=-8179
[6115:6149:0706/135109.330085:ERROR:cert_verify_proc_nss.cc(980)] CERT_PKIXVerifyCert for 192.168.71.127 failed err=-8179
[6159:6159:0706/135416.152726:ERROR:buffer_manager.cc(461)] [.DisplayCompositor-0xf23fe02cc00]GL ERROR :GL_INVALID_OPERATION : glBufferData: <- error from previous GL command
[6552:6589:0706/135642.753727:ERROR:cert_verify_proc_nss.cc(980)] CERT_PKIXVerifyCert for 192.168.71.127 failed err=-8179
[6986:7023:0706/135918.243776:ERROR:cert_verify_proc_nss.cc(980)] CERT_PKIXVerifyCert for 192.168.71.127 failed err=-8179
Nouvelle fenêtre ouverte dans la session du navigateur
[11680:11680:0706/172250.466897:ERROR:in_progress_cache_impl.cc(188)] Cache is not initialized, cannot RetrieveEntry.
[11680:11680:0706/172250.467107:ERROR:in_progress_cache_impl.cc(188)] Cache is not initialized, cannot RetrieveEntry.
[11680:11680:0706/172250.467193:ERROR:in_progress_cache_impl.cc(188)] Cache is not initialized, cannot RetrieveEntry.
[11680:11680:0706/172250.467262:ERROR:in_progress_cache_impl.cc(188)] Cache is not initialized, cannot RetrieveEntry.
[11680:11680:0706/172250.467316:ERROR:in_progress_cache_impl.cc(188)] Cache is not initialized, cannot RetrieveEntry.
[11680:11680:0706/172250.467362:ERROR:in_progress_cache_impl.cc(188)] Cache is not initialized, cannot RetrieveEntry.
[11680:11680:0706/172250.467459:ERROR:in_progress_cache_impl.cc(188)] Cache is not initialized, cannot RetrieveEntry.
[11680:11680:0706/172250.467508:ERROR:in_progress_cache_impl.cc(188)] Cache is not initialized, cannot RetrieveEntry.
[11680:11680:0706/172250.467568:ERROR:in_progress_cache_impl.cc(188)] Cache is not initialized, cannot RetrieveEntry.
[11680:11680:0706/172250.467616:ERROR:in_progress_cache_impl.cc(188)] Cache is not initialized, cannot RetrieveEntry.
[11680:11816:0706/172250.477655:ERROR:cert_verify_proc_nss.cc(980)] CERT_PKIXVerifyCert for 192.168.71.127 failed err=-8179
[3706:3745:0709/093412.869713:ERROR:cert_verify_proc_nss.cc(980)] CERT_PKIXVerifyCert for 192.168.71.127 failed err=-8179
[5189:5223:0709/103132.295926:ERROR:cert_verify_proc_nss.cc(980)] CERT_PKIXVerifyCert for 192.168.71.127 failed err=-8179
Nouvelle fenêtre ouverte dans la session du navigateur
Nouvelle fenêtre ouverte dans la session du navigateur
[6057:6057:0709/103435.064966:ERROR:in_progress_cache_impl.cc(188)] Cache is not initialized, cannot RetrieveEntry.
[6057:6057:0709/103435.065003:ERROR:in_progress_cache_impl.cc(188)] Cache is not initialized, cannot RetrieveEntry.
[6057:6057:0709/103435.065020:ERROR:in_progress_cache_impl.cc(188)] Cache is not initialized, cannot RetrieveEntry.
[6057:6057:0709/103435.065038:ERROR:in_progress_cache_impl.cc(188)] Cache is not initialized, cannot RetrieveEntry.
[6057:6057:0709/103435.065053:ERROR:in_progress_cache_impl.cc(188)] Cache is not initialized, cannot RetrieveEntry.
[6057:6057:0709/103435.065122:ERROR:in_progress_cache_impl.cc(188)] Cache is not initialized, cannot RetrieveEntry.
[6057:6057:0709/103435.065146:ERROR:in_progress_cache_impl.cc(188)] Cache is not initialized, cannot RetrieveEntry.
[6057:6057:0709/103435.065170:ERROR:in_progress_cache_impl.cc(188)] Cache is not initialized, cannot RetrieveEntry.
[6057:6057:0709/103435.065186:ERROR:in_progress_cache_impl.cc(188)] Cache is not initialized, cannot RetrieveEntry.
[6057:6057:0709/103435.065200:ERROR:in_progress_cache_impl.cc(188)] Cache is not initialized, cannot RetrieveEntry.
[6057:6091:0709/103435.095858:ERROR:cert_verify_proc_nss.cc(980)] CERT_PKIXVerifyCert for 192.168.71.127 failed err=-8179
Nouvelle fenêtre ouverte dans la session du navigateur
[6665:6665:0709/103545.694140:ERROR:in_progress_cache_impl.cc(188)] Cache is not initialized, cannot RetrieveEntry.
[6665:6665:0709/103545.694946:ERROR:in_progress_cache_impl.cc(188)] Cache is not initialized, cannot RetrieveEntry.
[6665:6665:0709/103545.695018:ERROR:in_progress_cache_impl.cc(188)] Cache is not initialized, cannot RetrieveEntry.
[6665:6665:0709/103545.695069:ERROR:in_progress_cache_impl.cc(188)] Cache is not initialized, cannot RetrieveEntry.
[6665:6665:0709/103545.695112:ERROR:in_progress_cache_impl.cc(188)] Cache is not initialized, cannot RetrieveEntry.
[6665:6665:0709/103545.695153:ERROR:in_progress_cache_impl.cc(188)] Cache is not initialized, cannot RetrieveEntry.
[6665:6665:0709/103545.695193:ERROR:in_progress_cache_impl.cc(188)] Cache is not initialized, cannot RetrieveEntry.
[6665:6665:0709/103545.695243:ERROR:in_progress_cache_impl.cc(188)] Cache is not initialized, cannot RetrieveEntry.
[6665:6665:0709/103545.695286:ERROR:in_progress_cache_impl.cc(188)] Cache is not initialized, cannot RetrieveEntry.
[6665:6665:0709/103545.695326:ERROR:in_progress_cache_impl.cc(188)] Cache is not initialized, cannot RetrieveEntry.
[6665:6701:0709/103545.722730:ERROR:cert_verify_proc_nss.cc(980)] CERT_PKIXVerifyCert for 192.168.71.127 failed err=-8179
[7041:7078:0709/103556.028578:ERROR:cert_verify_proc_nss.cc(980)] CERT_PKIXVerifyCert for 192.168.71.127 failed err=-8179
[7435:7472:0709/103911.626802:ERROR:cert_verify_proc_nss.cc(980)] CERT_PKIXVerifyCert for 192.168.71.127 failed err=-8179
[7873:7907:0709/104436.022184:ERROR:cert_verify_proc_nss.cc(980)] CERT_PKIXVerifyCert for 192.168.71.127 failed err=-8179
[8250:8250:0709/104510.567132:ERROR:in_progress_cache_impl.cc(188)] Cache is not initialized, cannot RetrieveEntry.
[8250:8250:0709/104510.567274:ERROR:in_progress_cache_impl.cc(188)] Cache is not initialized, cannot RetrieveEntry.
[8250:8250:0709/104510.567418:ERROR:in_progress_cache_impl.cc(188)] Cache is not initialized, cannot RetrieveEntry.
[8250:8250:0709/104510.567473:ERROR:in_progress_cache_impl.cc(188)] Cache is not initialized, cannot RetrieveEntry.
[8250:8250:0709/104510.567523:ERROR:in_progress_cache_impl.cc(188)] Cache is not initialized, cannot RetrieveEntry.
[8250:8250:0709/104510.567657:ERROR:in_progress_cache_impl.cc(188)] Cache is not initialized, cannot RetrieveEntry.
[8250:8250:0709/104510.567709:ERROR:in_progress_cache_impl.cc(188)] Cache is not initialized, cannot RetrieveEntry.
[8250:8250:0709/104510.567759:ERROR:in_progress_cache_impl.cc(188)] Cache is not initialized, cannot RetrieveEntry.
[8250:8250:0709/104510.567951:ERROR:in_progress_cache_impl.cc(188)] Cache is not initialized, cannot RetrieveEntry.
[8250:8250:0709/104510.568006:ERROR:in_progress_cache_impl.cc(188)] Cache is not initialized, cannot RetrieveEntry.
[8250:8284:0709/104510.590059:ERROR:cert_verify_proc_nss.cc(980)] CERT_PKIXVerifyCert for 192.168.71.127 failed err=-8179
[8670:8811:0709/104626.248435:ERROR:cert_verify_proc_nss.cc(980)] CERT_PKIXVerifyCert for 192.168.71.127 failed err=-8179
[9094:9094:0709/105152.551953:ERROR:in_progress_cache_impl.cc(188)] Cache is not initialized, cannot RetrieveEntry.
[9094:9094:0709/105152.551997:ERROR:in_progress_cache_impl.cc(188)] Cache is not initialized, cannot RetrieveEntry.
[9094:9094:0709/105152.552025:ERROR:in_progress_cache_impl.cc(188)] Cache is not initialized, cannot RetrieveEntry.
[9094:9094:0709/105152.552042:ERROR:in_progress_cache_impl.cc(188)] Cache is not initialized, cannot RetrieveEntry.
[9094:9094:0709/105152.552058:ERROR:in_progress_cache_impl.cc(188)] Cache is not initialized, cannot RetrieveEntry.
[9094:9094:0709/105152.552077:ERROR:in_progress_cache_impl.cc(188)] Cache is not initialized, cannot RetrieveEntry.
[9094:9094:0709/105152.552093:ERROR:in_progress_cache_impl.cc(188)] Cache is not initialized, cannot RetrieveEntry.
[9094:9094:0709/105152.552119:ERROR:in_progress_cache_impl.cc(188)] Cache is not initialized, cannot RetrieveEntry.
[9094:9094:0709/105152.552134:ERROR:in_progress_cache_impl.cc(188)] Cache is not initialized, cannot RetrieveEntry.
[9094:9094:0709/105152.552148:ERROR:in_progress_cache_impl.cc(188)] Cache is not initialized, cannot RetrieveEntry.
[9094:9128:0709/105152.571463:ERROR:cert_verify_proc_nss.cc(980)] CERT_PKIXVerifyCert for 192.168.71.127 failed err=-8179
[9607:9644:0709/105934.496944:ERROR:cert_verify_proc_nss.cc(980)] CERT_PKIXVerifyCert for 192.168.71.127 failed err=-8179
[9979:10016:0709/110015.263303:ERROR:cert_verify_proc_nss.cc(980)] CERT_PKIXVerifyCert for 192.168.71.127 failed err=-8179
[10455:10492:0709/110709.568562:ERROR:cert_verify_proc_nss.cc(980)] CERT_PKIXVerifyCert for 192.168.71.127 failed err=-8179
[10870:10905:0709/110930.361070:ERROR:cert_verify_proc_nss.cc(980)] CERT_PKIXVerifyCert for 192.168.71.127 failed err=-8179
[11548:11582:0709/111725.026190:ERROR:cert_verify_proc_nss.cc(980)] CERT_PKIXVerifyCert for 192.168.71.127 failed err=-8179
Nouvelle fenêtre ouverte dans la session du navigateur
[12107:12107:0709/111859.059949:ERROR:in_progress_cache_impl.cc(188)] Cache is not initialized, cannot RetrieveEntry.
[12107:12107:0709/111859.059985:ERROR:in_progress_cache_impl.cc(188)] Cache is not initialized, cannot RetrieveEntry.
[12107:12107:0709/111859.060000:ERROR:in_progress_cache_impl.cc(188)] Cache is not initialized, cannot RetrieveEntry.
[12107:12107:0709/111859.060019:ERROR:in_progress_cache_impl.cc(188)] Cache is not initialized, cannot RetrieveEntry.
[12107:12107:0709/111859.060034:ERROR:in_progress_cache_impl.cc(188)] Cache is not initialized, cannot RetrieveEntry.
[12107:12107:0709/111859.060049:ERROR:in_progress_cache_impl.cc(188)] Cache is not initialized, cannot RetrieveEntry.
[12107:12107:0709/111859.060072:ERROR:in_progress_cache_impl.cc(188)] Cache is not initialized, cannot RetrieveEntry.
[12107:12107:0709/111859.060090:ERROR:in_progress_cache_impl.cc(188)] Cache is not initialized, cannot RetrieveEntry.
[12107:12107:0709/111859.060115:ERROR:in_progress_cache_impl.cc(188)] Cache is not initialized, cannot RetrieveEntry.
[12107:12107:0709/111859.060129:ERROR:in_progress_cache_impl.cc(188)] Cache is not initialized, cannot RetrieveEntry.
[12107:12142:0709/111859.071695:ERROR:cert_verify_proc_nss.cc(980)] CERT_PKIXVerifyCert for 192.168.71.127 failed err=-8179
[12480:12480:0709/111917.434176:ERROR:in_progress_cache_impl.cc(188)] Cache is not initialized, cannot RetrieveEntry.
[12480:12480:0709/111917.434301:ERROR:in_progress_cache_impl.cc(188)] Cache is not initialized, cannot RetrieveEntry.
[12480:12480:0709/111917.434364:ERROR:in_progress_cache_impl.cc(188)] Cache is not initialized, cannot RetrieveEntry.
[12480:12480:0709/111917.434418:ERROR:in_progress_cache_impl.cc(188)] Cache is not initialized, cannot RetrieveEntry.
[12480:12480:0709/111917.434466:ERROR:in_progress_cache_impl.cc(188)] Cache is not initialized, cannot RetrieveEntry.
[12480:12480:0709/111917.434516:ERROR:in_progress_cache_impl.cc(188)] Cache is not initialized, cannot RetrieveEntry.
[12480:12480:0709/111917.434569:ERROR:in_progress_cache_impl.cc(188)] Cache is not initialized, cannot RetrieveEntry.
[12480:12480:0709/111917.434617:ERROR:in_progress_cache_impl.cc(188)] Cache is not initialized, cannot RetrieveEntry.
[12480:12480:0709/111917.434662:ERROR:in_progress_cache_impl.cc(188)] Cache is not initialized, cannot RetrieveEntry.
[12480:12480:0709/111917.434708:ERROR:in_progress_cache_impl.cc(188)] Cache is not initialized, cannot RetrieveEntry.
[12480:12516:0709/111917.460952:ERROR:cert_verify_proc_nss.cc(980)] CERT_PKIXVerifyCert for 192.168.71.127 failed err=-8179
[12856:12856:0709/112001.303183:ERROR:in_progress_cache_impl.cc(188)] Cache is not initialized, cannot RetrieveEntry.
[12856:12856:0709/112001.303218:ERROR:in_progress_cache_impl.cc(188)] Cache is not initialized, cannot RetrieveEntry.
[12856:12856:0709/112001.303244:ERROR:in_progress_cache_impl.cc(188)] Cache is not initialized, cannot RetrieveEntry.
[12856:12856:0709/112001.303263:ERROR:in_progress_cache_impl.cc(188)] Cache is not initialized, cannot RetrieveEntry.
[12856:12856:0709/112001.303279:ERROR:in_progress_cache_impl.cc(188)] Cache is not initialized, cannot RetrieveEntry.
[12856:12856:0709/112001.303293:ERROR:in_progress_cache_impl.cc(188)] Cache is not initialized, cannot RetrieveEntry.
[12856:12856:0709/112001.303309:ERROR:in_progress_cache_impl.cc(188)] Cache is not initialized, cannot RetrieveEntry.
[12856:12856:0709/112001.303329:ERROR:in_progress_cache_impl.cc(188)] Cache is not initialized, cannot RetrieveEntry.
[12856:12856:0709/112001.303350:ERROR:in_progress_cache_impl.cc(188)] Cache is not initialized, cannot RetrieveEntry.
[12856:12856:0709/112001.303364:ERROR:in_progress_cache_impl.cc(188)] Cache is not initialized, cannot RetrieveEntry.
[12856:12891:0709/112001.339341:ERROR:cert_verify_proc_nss.cc(980)] CERT_PKIXVerifyCert for 192.168.71.127 failed err=-8179
[13225:13225:0709/112006.604554:ERROR:in_progress_cache_impl.cc(188)] Cache is not initialized, cannot RetrieveEntry.
[13225:13225:0709/112006.604589:ERROR:in_progress_cache_impl.cc(188)] Cache is not initialized, cannot RetrieveEntry.
[13225:13225:0709/112006.604611:ERROR:in_progress_cache_impl.cc(188)] Cache is not initialized, cannot RetrieveEntry.
[13225:13225:0709/112006.604630:ERROR:in_progress_cache_impl.cc(188)] Cache is not initialized, cannot RetrieveEntry.
[13225:13225:0709/112006.604645:ERROR:in_progress_cache_impl.cc(188)] Cache is not initialized, cannot RetrieveEntry.
[13225:13225:0709/112006.604660:ERROR:in_progress_cache_impl.cc(188)] Cache is not initialized, cannot RetrieveEntry.
[13225:13225:0709/112006.604675:ERROR:in_progress_cache_impl.cc(188)] Cache is not initialized, cannot RetrieveEntry.
[13225:13225:0709/112006.604697:ERROR:in_progress_cache_impl.cc(188)] Cache is not initialized, cannot RetrieveEntry.
[13225:13225:0709/112006.604711:ERROR:in_progress_cache_impl.cc(188)] Cache is not initialized, cannot RetrieveEntry.
[13225:13225:0709/112006.604726:ERROR:in_progress_cache_impl.cc(188)] Cache is not initialized, cannot RetrieveEntry.
[13225:13260:0709/112006.677580:ERROR:cert_verify_proc_nss.cc(980)] CERT_PKIXVerifyCert for 192.168.71.127 failed err=-8179
[13635:13669:0709/112235.859104:ERROR:cert_verify_proc_nss.cc(980)] CERT_PKIXVerifyCert for 192.168.71.127 failed err=-8179
Nouvelle fenêtre ouverte dans la session du navigateur
[14229:14263:0709/112459.337816:ERROR:cert_verify_proc_nss.cc(980)] CERT_PKIXVerifyCert for 192.168.71.127 failed err=-8179
Nouvelle fenêtre ouverte dans la session du navigateur
[14884:14884:0709/113710.384609:ERROR:in_progress_cache_impl.cc(188)] Cache is not initialized, cannot RetrieveEntry.
[14884:14884:0709/113710.384642:ERROR:in_progress_cache_impl.cc(188)] Cache is not initialized, cannot RetrieveEntry.
[14884:14884:0709/113710.384657:ERROR:in_progress_cache_impl.cc(188)] Cache is not initialized, cannot RetrieveEntry.
[14884:14884:0709/113710.384676:ERROR:in_progress_cache_impl.cc(188)] Cache is not initialized, cannot RetrieveEntry.
[14884:14884:0709/113710.384692:ERROR:in_progress_cache_impl.cc(188)] Cache is not initialized, cannot RetrieveEntry.
[14884:14884:0709/113710.384707:ERROR:in_progress_cache_impl.cc(188)] Cache is not initialized, cannot RetrieveEntry.
[14884:14884:0709/113710.384727:ERROR:in_progress_cache_impl.cc(188)] Cache is not initialized, cannot RetrieveEntry.
[14884:14884:0709/113710.384743:ERROR:in_progress_cache_impl.cc(188)] Cache is not initialized, cannot RetrieveEntry.
[14884:14884:0709/113710.384761:ERROR:in_progress_cache_impl.cc(188)] Cache is not initialized, cannot RetrieveEntry.
[14884:14884:0709/113710.384778:ERROR:in_progress_cache_impl.cc(188)] Cache is not initialized, cannot RetrieveEntry.
[14884:14918:0709/113710.399441:ERROR:cert_verify_proc_nss.cc(980)] CERT_PKIXVerifyCert for 192.168.71.127 failed err=-8179
Nouvelle fenêtre ouverte dans la session du navigateur
[15438:15438:0709/113857.125490:ERROR:in_progress_cache_impl.cc(188)] Cache is not initialized, cannot RetrieveEntry.
[15438:15438:0709/113857.134401:ERROR:in_progress_cache_impl.cc(188)] Cache is not initialized, cannot RetrieveEntry.
[15438:15438:0709/113857.134435:ERROR:in_progress_cache_impl.cc(188)] Cache is not initialized, cannot RetrieveEntry.
[15438:15438:0709/113857.134452:ERROR:in_progress_cache_impl.cc(188)] Cache is not initialized, cannot RetrieveEntry.
[15438:15438:0709/113857.134469:ERROR:in_progress_cache_impl.cc(188)] Cache is not initialized, cannot RetrieveEntry.
[15438:15438:0709/113857.134485:ERROR:in_progress_cache_impl.cc(188)] Cache is not initialized, cannot RetrieveEntry.
[15438:15438:0709/113857.134500:ERROR:in_progress_cache_impl.cc(188)] Cache is not initialized, cannot RetrieveEntry.
[15438:15438:0709/113857.134530:ERROR:in_progress_cache_impl.cc(188)] Cache is not initialized, cannot RetrieveEntry.
[15438:15438:0709/113857.134553:ERROR:in_progress_cache_impl.cc(188)] Cache is not initialized, cannot RetrieveEntry.
[15438:15438:0709/113857.134569:ERROR:in_progress_cache_impl.cc(188)] Cache is not initialized, cannot RetrieveEntry.
[15438:15475:0709/113857.145884:ERROR:cert_verify_proc_nss.cc(980)] CERT_PKIXVerifyCert for 192.168.71.127 failed err=-8179
Nouvelle fenêtre ouverte dans la session du navigateur
[16256:16256:0709/114246.494666:ERROR:in_progress_cache_impl.cc(188)] Cache is not initialized, cannot RetrieveEntry.
[16256:16256:0709/114246.494703:ERROR:in_progress_cache_impl.cc(188)] Cache is not initialized, cannot RetrieveEntry.
[16256:16256:0709/114246.494719:ERROR:in_progress_cache_impl.cc(188)] Cache is not initialized, cannot RetrieveEntry.
[16256:16256:0709/114246.494735:ERROR:in_progress_cache_impl.cc(188)] Cache is not initialized, cannot RetrieveEntry.
[16256:16256:0709/114246.494751:ERROR:in_progress_cache_impl.cc(188)] Cache is not initialized, cannot RetrieveEntry.
[16256:16256:0709/114246.494772:ERROR:in_progress_cache_impl.cc(188)] Cache is not initialized, cannot RetrieveEntry.
[16256:16256:0709/114246.494792:ERROR:in_progress_cache_impl.cc(188)] Cache is not initialized, cannot RetrieveEntry.
[16256:16256:0709/114246.494807:ERROR:in_progress_cache_impl.cc(188)] Cache is not initialized, cannot RetrieveEntry.
[16256:16256:0709/114246.494821:ERROR:in_progress_cache_impl.cc(188)] Cache is not initialized, cannot RetrieveEntry.
[16256:16256:0709/114246.494834:ERROR:in_progress_cache_impl.cc(188)] Cache is not initialized, cannot RetrieveEntry.
[16256:16290:0709/114246.522433:ERROR:cert_verify_proc_nss.cc(980)] CERT_PKIXVerifyCert for 192.168.71.127 failed err=-8179
Nouvelle fenêtre ouverte dans la session du navigateur
Nouvelle fenêtre ouverte dans la session du navigateur
[17073:17073:0709/114808.493297:ERROR:in_progress_cache_impl.cc(188)] Cache is not initialized, cannot RetrieveEntry.
[17073:17073:0709/114808.493437:ERROR:in_progress_cache_impl.cc(188)] Cache is not initialized, cannot RetrieveEntry.
[17073:17073:0709/114808.493540:ERROR:in_progress_cache_impl.cc(188)] Cache is not initialized, cannot RetrieveEntry.
[17073:17073:0709/114808.493652:ERROR:in_progress_cache_impl.cc(188)] Cache is not initialized, cannot RetrieveEntry.
[17073:17073:0709/114808.493705:ERROR:in_progress_cache_impl.cc(188)] Cache is not initialized, cannot RetrieveEntry.
[17073:17073:0709/114808.493753:ERROR:in_progress_cache_impl.cc(188)] Cache is not initialized, cannot RetrieveEntry.
[17073:17073:0709/114808.493802:ERROR:in_progress_cache_impl.cc(188)] Cache is not initialized, cannot RetrieveEntry.
[17073:17073:0709/114808.493856:ERROR:in_progress_cache_impl.cc(188)] Cache is not initialized, cannot RetrieveEntry.
[17073:17073:0709/114808.493904:ERROR:in_progress_cache_impl.cc(188)] Cache is not initialized, cannot RetrieveEntry.
[17073:17073:0709/114808.493946:ERROR:in_progress_cache_impl.cc(188)] Cache is not initialized, cannot RetrieveEntry.
[17073:17108:0709/114808.520680:ERROR:cert_verify_proc_nss.cc(980)] CERT_PKIXVerifyCert for 192.168.71.127 failed err=-8179
Nouvelle fenêtre ouverte dans la session du navigateur
[17645:17682:0709/115141.666713:ERROR:cert_verify_proc_nss.cc(980)] CERT_PKIXVerifyCert for 192.168.71.127 failed err=-8179
[18037:18177:0709/115625.026065:ERROR:cert_verify_proc_nss.cc(980)] CERT_PKIXVerifyCert for 192.168.71.127 failed err=-8179
[18697:18734:0709/131221.998843:ERROR:cert_verify_proc_nss.cc(980)] CERT_PKIXVerifyCert for 192.168.71.127 failed err=-8179
[19063:19098:0709/131227.314633:ERROR:cert_verify_proc_nss.cc(980)] CERT_PKIXVerifyCert for 192.168.71.127 failed err=-8179
Nouvelle fenêtre ouverte dans la session du navigateur
Nouvelle fenêtre ouverte dans la session du navigateur
[19865:19901:0709/131917.597799:ERROR:cert_verify_proc_nss.cc(980)] CERT_PKIXVerifyCert for 192.168.71.127 failed err=-8179
[20251:20285:0709/132046.858105:ERROR:cert_verify_proc_nss.cc(980)] CERT_PKIXVerifyCert for 192.168.71.127 failed err=-8179
[21272:21272:0709/142536.826121:ERROR:in_progress_cache_impl.cc(188)] Cache is not initialized, cannot RetrieveEntry.
[21272:21272:0709/142536.826251:ERROR:in_progress_cache_impl.cc(188)] Cache is not initialized, cannot RetrieveEntry.
[21272:21272:0709/142536.826301:ERROR:in_progress_cache_impl.cc(188)] Cache is not initialized, cannot RetrieveEntry.
[21272:21272:0709/142536.826365:ERROR:in_progress_cache_impl.cc(188)] Cache is not initialized, cannot RetrieveEntry.
[21272:21272:0709/142536.826413:ERROR:in_progress_cache_impl.cc(188)] Cache is not initialized, cannot RetrieveEntry.
[21272:21272:0709/142536.826458:ERROR:in_progress_cache_impl.cc(188)] Cache is not initialized, cannot RetrieveEntry.
[21272:21272:0709/142536.826502:ERROR:in_progress_cache_impl.cc(188)] Cache is not initialized, cannot RetrieveEntry.
[21272:21272:0709/142536.826547:ERROR:in_progress_cache_impl.cc(188)] Cache is not initialized, cannot RetrieveEntry.
[21272:21272:0709/142536.826598:ERROR:in_progress_cache_impl.cc(188)] Cache is not initialized, cannot RetrieveEntry.
[21272:21272:0709/142536.826642:ERROR:in_progress_cache_impl.cc(188)] Cache is not initialized, cannot RetrieveEntry.
[21639:21676:0709/142751.254376:ERROR:cert_verify_proc_nss.cc(980)] CERT_PKIXVerifyCert for 192.168.71.127 failed err=-8179
Nouvelle fenêtre ouverte dans la session du navigateur
[21683:21683:0709/142841.626379:ERROR:buffer_manager.cc(461)] [.DisplayCompositor-0x239801a32700]GL ERROR :GL_INVALID_OPERATION : glBufferData: <- error from previous GL command
[22294:22294:0709/143820.755781:ERROR:in_progress_cache_impl.cc(188)] Cache is not initialized, cannot RetrieveEntry.
[22294:22294:0709/143820.755818:ERROR:in_progress_cache_impl.cc(188)] Cache is not initialized, cannot RetrieveEntry.
[22294:22294:0709/143820.755832:ERROR:in_progress_cache_impl.cc(188)] Cache is not initialized, cannot RetrieveEntry.
[22294:22294:0709/143820.755846:ERROR:in_progress_cache_impl.cc(188)] Cache is not initialized, cannot RetrieveEntry.
[22294:22294:0709/143820.755861:ERROR:in_progress_cache_impl.cc(188)] Cache is not initialized, cannot RetrieveEntry.
[22294:22294:0709/143820.755879:ERROR:in_progress_cache_impl.cc(188)] Cache is not initialized, cannot RetrieveEntry.
[22294:22294:0709/143820.755892:ERROR:in_progress_cache_impl.cc(188)] Cache is not initialized, cannot RetrieveEntry.
[22294:22294:0709/143820.755911:ERROR:in_progress_cache_impl.cc(188)] Cache is not initialized, cannot RetrieveEntry.
[22294:22294:0709/143820.755925:ERROR:in_progress_cache_impl.cc(188)] Cache is not initialized, cannot RetrieveEntry.
[22294:22294:0709/143820.755937:ERROR:in_progress_cache_impl.cc(188)] Cache is not initialized, cannot RetrieveEntry.
[22294:22328:0709/143820.792652:ERROR:cert_verify_proc_nss.cc(980)] CERT_PKIXVerifyCert for 192.168.71.127 failed err=-8179
Nouvelle fenêtre ouverte dans la session du navigateur
Nouvelle fenêtre ouverte dans la session du navigateur
Nouvelle fenêtre ouverte dans la session du navigateur
[12265:12409:0717/145257.832649:ERROR:cert_verify_proc_nss.cc(980)] CERT_PKIXVerifyCert for 192.168.70.135 failed err=-8179
[12313:12313:0717/145308.425983:ERROR:buffer_manager.cc(461)] [.DisplayCompositor-0x2bd214f2da00]GL ERROR :GL_INVALID_OPERATION : glBufferData: <- error from previous GL command
Nouvelle fenêtre ouverte dans la session du navigateur
Nouvelle fenêtre ouverte dans la session du navigateur
[13512:13659:0717/150204.897678:ERROR:cert_verify_proc_nss.cc(980)] CERT_PKIXVerifyCert for 192.168.70.135 failed err=-8179
Nouvelle fenêtre ouverte dans la session du navigateur
[14289:14289:0717/151931.171450:ERROR:in_progress_cache_impl.cc(188)] Cache is not initialized, cannot RetrieveEntry.
[14289:14289:0717/151931.171485:ERROR:in_progress_cache_impl.cc(188)] Cache is not initialized, cannot RetrieveEntry.
[14289:14289:0717/151931.171499:ERROR:in_progress_cache_impl.cc(188)] Cache is not initialized, cannot RetrieveEntry.
[14289:14289:0717/151931.171515:ERROR:in_progress_cache_impl.cc(188)] Cache is not initialized, cannot RetrieveEntry.
[14289:14289:0717/151931.171531:ERROR:in_progress_cache_impl.cc(188)] Cache is not initialized, cannot RetrieveEntry.
[14289:14289:0717/151931.171549:ERROR:in_progress_cache_impl.cc(188)] Cache is not initialized, cannot RetrieveEntry.
[14289:14289:0717/151931.171564:ERROR:in_progress_cache_impl.cc(188)] Cache is not initialized, cannot RetrieveEntry.
[14289:14289:0717/151931.171581:ERROR:in_progress_cache_impl.cc(188)] Cache is not initialized, cannot RetrieveEntry.
[14289:14289:0717/151931.171596:ERROR:in_progress_cache_impl.cc(188)] Cache is not initialized, cannot RetrieveEntry.
[14289:14289:0717/151931.171609:ERROR:in_progress_cache_impl.cc(188)] Cache is not initialized, cannot RetrieveEntry.
[14289:14327:0717/151931.215357:ERROR:cert_verify_proc_nss.cc(980)] CERT_PKIXVerifyCert for 192.168.70.135 failed err=-8179
[14337:14337:0717/152010.910481:ERROR:gles2_cmd_decoder.cc(18055)] [.DisplayCompositor-0x2fc671b2b700]GL ERROR :GL_INVALID_OPERATION : glCreateAndConsumeTextureCHROMIUM: invalid mailbox name
[14337:14337:0717/152010.911423:ERROR:gles2_cmd_decoder.cc(10173)] [.DisplayCompositor-0x2fc671b2b700]RENDER WARNING: texture bound to texture unit 0 is not renderable. It maybe non-power-of-2 and have incompatible texture filtering.
Nouvelle fenêtre ouverte dans la session du navigateur
[14289:14289:0717/152505.299795:ERROR:media_internals.cc(103)] Cannot get RenderProcessHost
Nouvelle fenêtre ouverte dans la session du navigateur
[15254:15254:0717/153236.230863:ERROR:in_progress_cache_impl.cc(188)] Cache is not initialized, cannot RetrieveEntry.
[15254:15254:0717/153236.231077:ERROR:in_progress_cache_impl.cc(188)] Cache is not initialized, cannot RetrieveEntry.
[15254:15254:0717/153236.231095:ERROR:in_progress_cache_impl.cc(188)] Cache is not initialized, cannot RetrieveEntry.
[15254:15254:0717/153236.231110:ERROR:in_progress_cache_impl.cc(188)] Cache is not initialized, cannot RetrieveEntry.
[15254:15254:0717/153236.231130:ERROR:in_progress_cache_impl.cc(188)] Cache is not initialized, cannot RetrieveEntry.
[15254:15254:0717/153236.231146:ERROR:in_progress_cache_impl.cc(188)] Cache is not initialized, cannot RetrieveEntry.
[15254:15254:0717/153236.231160:ERROR:in_progress_cache_impl.cc(188)] Cache is not initialized, cannot RetrieveEntry.
[15254:15254:0717/153236.231177:ERROR:in_progress_cache_impl.cc(188)] Cache is not initialized, cannot RetrieveEntry.
[15254:15254:0717/153236.231194:ERROR:in_progress_cache_impl.cc(188)] Cache is not initialized, cannot RetrieveEntry.
[15254:15254:0717/153236.231211:ERROR:in_progress_cache_impl.cc(188)] Cache is not initialized, cannot RetrieveEntry.
[15254:15292:0717/153236.266855:ERROR:cert_verify_proc_nss.cc(980)] CERT_PKIXVerifyCert for 192.168.70.135 failed err=-8179
Nouvelle fenêtre ouverte dans la session du navigateur
[15864:15904:0717/153753.866325:ERROR:cert_verify_proc_nss.cc(980)] CERT_PKIXVerifyCert for 192.168.70.135 failed err=-8179
Nouvelle fenêtre ouverte dans la session du navigateur
[16902:16902:0717/154406.046210:ERROR:in_progress_cache_impl.cc(188)] Cache is not initialized, cannot RetrieveEntry.
[16902:16902:0717/154406.046430:ERROR:in_progress_cache_impl.cc(188)] Cache is not initialized, cannot RetrieveEntry.
[16902:16902:0717/154406.046519:ERROR:in_progress_cache_impl.cc(188)] Cache is not initialized, cannot RetrieveEntry.
[16902:16902:0717/154406.046580:ERROR:in_progress_cache_impl.cc(188)] Cache is not initialized, cannot RetrieveEntry.
[16902:16902:0717/154406.046626:ERROR:in_progress_cache_impl.cc(188)] Cache is not initialized, cannot RetrieveEntry.
[16902:16902:0717/154406.046669:ERROR:in_progress_cache_impl.cc(188)] Cache is not initialized, cannot RetrieveEntry.
[16902:16902:0717/154406.046713:ERROR:in_progress_cache_impl.cc(188)] Cache is not initialized, cannot RetrieveEntry.
[16902:16902:0717/154406.046766:ERROR:in_progress_cache_impl.cc(188)] Cache is not initialized, cannot RetrieveEntry.
[16902:16902:0717/154406.046806:ERROR:in_progress_cache_impl.cc(188)] Cache is not initialized, cannot RetrieveEntry.
[16902:16902:0717/154406.046846:ERROR:in_progress_cache_impl.cc(188)] Cache is not initialized, cannot RetrieveEntry.
[16902:16941:0717/154406.059283:ERROR:cert_verify_proc_nss.cc(980)] CERT_PKIXVerifyCert for 192.168.70.135 failed err=-8179
Nouvelle fenêtre ouverte dans la session du navigateur
Nouvelle fenêtre ouverte dans la session du navigateur
[18431:18431:0717/162819.043182:ERROR:in_progress_cache_impl.cc(188)] Cache is not initialized, cannot RetrieveEntry.
[18431:18431:0717/162819.043396:ERROR:in_progress_cache_impl.cc(188)] Cache is not initialized, cannot RetrieveEntry.
[18431:18431:0717/162819.043480:ERROR:in_progress_cache_impl.cc(188)] Cache is not initialized, cannot RetrieveEntry.
[18431:18431:0717/162819.043546:ERROR:in_progress_cache_impl.cc(188)] Cache is not initialized, cannot RetrieveEntry.
[18431:18431:0717/162819.043594:ERROR:in_progress_cache_impl.cc(188)] Cache is not initialized, cannot RetrieveEntry.
[18431:18431:0717/162819.043660:ERROR:in_progress_cache_impl.cc(188)] Cache is not initialized, cannot RetrieveEntry.
[18431:18431:0717/162819.043708:ERROR:in_progress_cache_impl.cc(188)] Cache is not initialized, cannot RetrieveEntry.
[18431:18431:0717/162819.043758:ERROR:in_progress_cache_impl.cc(188)] Cache is not initialized, cannot RetrieveEntry.
[18431:18431:0717/162819.043801:ERROR:in_progress_cache_impl.cc(188)] Cache is not initialized, cannot RetrieveEntry.
[18431:18431:0717/162819.043842:ERROR:in_progress_cache_impl.cc(188)] Cache is not initialized, cannot RetrieveEntry.
[18431:18473:0717/162819.068421:ERROR:cert_verify_proc_nss.cc(980)] CERT_PKIXVerifyCert for 192.168.70.135 failed err=-8179
